<?xml version="1.0" encoding="UTF-8"?>
<!-- Generated by org.testng.reporters.JUnitReportReporter -->
<testsuite hostname="DESKTOP-CTTM3RR" failures="0" tests="1" name="Shashankagra.Tests.Final111" time="36.562" errors="0" timestamp="2024-05-05T10:26:52 IST" skipped="0">
  <testcase classname="Shashankagra.Tests.Final111" name="Final" time="36.562"/>
</testsuite> <!-- Shashankagra.Tests.Final111 -->
