<?xml version="1.0" encoding="UTF-8"?>
<!-- Generated by org.testng.reporters.JUnitReportReporter -->
<testsuite hostname="DESKTOP-CTTM3RR" failures="0" tests="1" name="Shashankagra.Tests.Errorvalidation" time="14.079" errors="0" timestamp="2024-04-28T11:53:54 IST" skipped="0">
  <testcase classname="Shashankagra.Tests.Errorvalidation" name="Final1" time="14.079"/>
</testsuite> <!-- Shashankagra.Tests.Errorvalidation -->
